<component name="libraryTable">
  <library name="junit.jupiter.api" type="repository">
    <properties maven-id="org.junit.jupiter:junit-jupiter-api:5.8.1" />
    <CLASSES>
      <root url="jar://$USER_HOME$/IDEA/extLib/junit-jupiter-api-5.8.1.jar!/" />
      <root url="jar://$USER_HOME$/IDEA/extLib/opentest4j-1.2.0.jar!/" />
      <root url="jar://$USER_HOME$/IDEA/extLib/junit-platform-commons-1.8.1.jar!/" />
      <root url="jar://$USER_HOME$/IDEA/extLib/apiguardian-api-1.1.2.jar!/" />
    </CLASSES>
    <JAVADOC>
      <root url="jar://$USER_HOME$/IDEA/extLib/junit-jupiter-api-5.8.1-javadoc.jar!/" />
      <root url="jar://$USER_HOME$/IDEA/extLib/opentest4j-1.2.0-javadoc.jar!/" />
      <root url="jar://$USER_HOME$/IDEA/extLib/junit-platform-commons-1.8.1-javadoc.jar!/" />
      <root url="jar://$USER_HOME$/IDEA/extLib/apiguardian-api-1.1.2-javadoc.jar!/" />
    </JAVADOC>
    <SOURCES>
      <root url="jar://$USER_HOME$/IDEA/extLib/junit-jupiter-api-5.8.1-sources.jar!/" />
      <root url="jar://$USER_HOME$/IDEA/extLib/opentest4j-1.2.0-sources.jar!/" />
      <root url="jar://$USER_HOME$/IDEA/extLib/junit-platform-commons-1.8.1-sources.jar!/" />
      <root url="jar://$USER_HOME$/IDEA/extLib/apiguardian-api-1.1.2-sources.jar!/" />
    </SOURCES>
  </library>
</component>